C:\Users\Tomi\Source\Repos\AccessControlSystemWEBAngular\EntryMWeb\EntryMWeb\src\app\Home\Home.component.js
C:\Users\Tomi\Source\Repos\AccessControlSystemWEBAngular\EntryMWeb\EntryMWeb\src\app\Home\Home.component.js.map
C:\Users\Tomi\Source\Repos\AccessControlSystemWEBAngular\EntryMWeb\EntryMWeb\src\app\AddNewMember\AddNewMember.component.js
C:\Users\Tomi\Source\Repos\AccessControlSystemWEBAngular\EntryMWeb\EntryMWeb\src\app\AddNewMember\AddNewMember.component.js.map
C:\Users\Tomi\Source\Repos\AccessControlSystemWEBAngular\EntryMWeb\EntryMWeb\src\app\EditMember\EditMember.component.js
C:\Users\Tomi\Source\Repos\AccessControlSystemWEBAngular\EntryMWeb\EntryMWeb\src\app\EditMember\EditMember.component.js.map
C:\Users\Tomi\Source\Repos\AccessControlSystemWEBAngular\EntryMWeb\EntryMWeb\src\app\Members\Members.component.js
C:\Users\Tomi\Source\Repos\AccessControlSystemWEBAngular\EntryMWeb\EntryMWeb\src\app\Members\Members.component.js.map
C:\Users\Tomi\Source\Repos\AccessControlSystemWEBAngular\EntryMWeb\EntryMWeb\src\app\Messages\Messages.component.js
C:\Users\Tomi\Source\Repos\AccessControlSystemWEBAngular\EntryMWeb\EntryMWeb\src\app\Messages\Messages.component.js.map
C:\Users\Tomi\Source\Repos\AccessControlSystemWEBAngular\EntryMWeb\EntryMWeb\src\app\Entries\Entries.component.js
C:\Users\Tomi\Source\Repos\AccessControlSystemWEBAngular\EntryMWeb\EntryMWeb\src\app\Entries\Entries.component.js.map
C:\Users\Tomi\Source\Repos\AccessControlSystemWEBAngular\EntryMWeb\EntryMWeb\src\app\StartPage\StartPage.component.js
C:\Users\Tomi\Source\Repos\AccessControlSystemWEBAngular\EntryMWeb\EntryMWeb\src\app\StartPage\StartPage.component.js.map
C:\Users\Tomi\Source\Repos\AccessControlSystemWEBAngular\EntryMWeb\EntryMWeb\src\app\app.component.js
C:\Users\Tomi\Source\Repos\AccessControlSystemWEBAngular\EntryMWeb\EntryMWeb\src\app\app.component.js.map
C:\Users\Tomi\Source\Repos\AccessControlSystemWEBAngular\EntryMWeb\EntryMWeb\src\app\Login\Login.component.js
C:\Users\Tomi\Source\Repos\AccessControlSystemWEBAngular\EntryMWeb\EntryMWeb\src\app\Login\Login.component.js.map
C:\Users\Tomi\Source\Repos\AccessControlSystemWEBAngular\EntryMWeb\EntryMWeb\src\app\Nav\Nav.component.js
C:\Users\Tomi\Source\Repos\AccessControlSystemWEBAngular\EntryMWeb\EntryMWeb\src\app\Nav\Nav.component.js.map
C:\Users\Tomi\Source\Repos\AccessControlSystemWEBAngular\EntryMWeb\EntryMWeb\src\app\CompanyDetails\CompanyDetails.component.js
C:\Users\Tomi\Source\Repos\AccessControlSystemWEBAngular\EntryMWeb\EntryMWeb\src\app\CompanyDetails\CompanyDetails.component.js.map
C:\Users\Tomi\Source\Repos\AccessControlSystemWEBAngular\EntryMWeb\EntryMWeb\src\app\app.module.js
C:\Users\Tomi\Source\Repos\AccessControlSystemWEBAngular\EntryMWeb\EntryMWeb\src\app\app.module.js.map
C:\Users\Tomi\Source\Repos\AccessControlSystemWEBAngular\EntryMWeb\EntryMWeb\src\main.js
C:\Users\Tomi\Source\Repos\AccessControlSystemWEBAngular\EntryMWeb\EntryMWeb\src\main.js.map
C:\Users\Tomi\Source\Repos\AccessControlSystemWEBAngular\EntryMWeb\EntryMWeb\src\app\app.component.spec.js
C:\Users\Tomi\Source\Repos\AccessControlSystemWEBAngular\EntryMWeb\EntryMWeb\src\app\app.component.spec.js.map
C:\Users\Tomi\Source\Repos\AccessControlSystemWEBAngular\EntryMWeb\EntryMWeb\src\app\User.js
C:\Users\Tomi\Source\Repos\AccessControlSystemWEBAngular\EntryMWeb\EntryMWeb\src\app\User.js.map
C:\Users\Tomi\Source\Repos\AccessControlSystemWEBAngular\EntryMWeb\EntryMWeb\src\app\AddNewMember\AddNewMember.component.spec.js
C:\Users\Tomi\Source\Repos\AccessControlSystemWEBAngular\EntryMWeb\EntryMWeb\src\app\AddNewMember\AddNewMember.component.spec.js.map
C:\Users\Tomi\Source\Repos\AccessControlSystemWEBAngular\EntryMWeb\EntryMWeb\src\app\AddNewMessage\AddNewMessage.component.spec.js
C:\Users\Tomi\Source\Repos\AccessControlSystemWEBAngular\EntryMWeb\EntryMWeb\src\app\AddNewMessage\AddNewMessage.component.spec.js.map
C:\Users\Tomi\Source\Repos\AccessControlSystemWEBAngular\EntryMWeb\EntryMWeb\src\app\AddNewMessage\AddNewMessage.component.js
C:\Users\Tomi\Source\Repos\AccessControlSystemWEBAngular\EntryMWeb\EntryMWeb\src\app\AddNewMessage\AddNewMessage.component.js.map
C:\Users\Tomi\Source\Repos\AccessControlSystemWEBAngular\EntryMWeb\EntryMWeb\src\app\CompanyDetails\CompanyDetails.component.spec.js
C:\Users\Tomi\Source\Repos\AccessControlSystemWEBAngular\EntryMWeb\EntryMWeb\src\app\CompanyDetails\CompanyDetails.component.spec.js.map
C:\Users\Tomi\Source\Repos\AccessControlSystemWEBAngular\EntryMWeb\EntryMWeb\src\app\EditMember\EditMember.component.spec.js
C:\Users\Tomi\Source\Repos\AccessControlSystemWEBAngular\EntryMWeb\EntryMWeb\src\app\EditMember\EditMember.component.spec.js.map
C:\Users\Tomi\Source\Repos\AccessControlSystemWEBAngular\EntryMWeb\EntryMWeb\src\app\Entries\Entries.component.spec.js
C:\Users\Tomi\Source\Repos\AccessControlSystemWEBAngular\EntryMWeb\EntryMWeb\src\app\Entries\Entries.component.spec.js.map
C:\Users\Tomi\Source\Repos\AccessControlSystemWEBAngular\EntryMWeb\EntryMWeb\src\app\Home\Home.component.spec.js
C:\Users\Tomi\Source\Repos\AccessControlSystemWEBAngular\EntryMWeb\EntryMWeb\src\app\Home\Home.component.spec.js.map
C:\Users\Tomi\Source\Repos\AccessControlSystemWEBAngular\EntryMWeb\EntryMWeb\src\app\Login\Login.component.spec.js
C:\Users\Tomi\Source\Repos\AccessControlSystemWEBAngular\EntryMWeb\EntryMWeb\src\app\Login\Login.component.spec.js.map
C:\Users\Tomi\Source\Repos\AccessControlSystemWEBAngular\EntryMWeb\EntryMWeb\src\app\Members\Members.component.spec.js
C:\Users\Tomi\Source\Repos\AccessControlSystemWEBAngular\EntryMWeb\EntryMWeb\src\app\Members\Members.component.spec.js.map
C:\Users\Tomi\Source\Repos\AccessControlSystemWEBAngular\EntryMWeb\EntryMWeb\src\app\Messages\Messages.component.spec.js
C:\Users\Tomi\Source\Repos\AccessControlSystemWEBAngular\EntryMWeb\EntryMWeb\src\app\Messages\Messages.component.spec.js.map
C:\Users\Tomi\Source\Repos\AccessControlSystemWEBAngular\EntryMWeb\EntryMWeb\src\app\Nav\Nav.component.spec.js
C:\Users\Tomi\Source\Repos\AccessControlSystemWEBAngular\EntryMWeb\EntryMWeb\src\app\Nav\Nav.component.spec.js.map
C:\Users\Tomi\Source\Repos\AccessControlSystemWEBAngular\EntryMWeb\EntryMWeb\src\app\StartPage\StartPage.component.spec.js
C:\Users\Tomi\Source\Repos\AccessControlSystemWEBAngular\EntryMWeb\EntryMWeb\src\app\StartPage\StartPage.component.spec.js.map
